<?xml version="1.0" encoding="UTF-8"?>
<!-- Generated by org.testng.reporters.JUnitReportReporter -->
<testsuite hostname="kishans-mbp.lan" name="com.branch.regression.BranchTeamTest" tests="6" failures="0" timestamp="2 May 2018 05:31:14 GMT" time="18.138" errors="0">
  <testcase name="verifyEmployeePhotos" time="3.469" classname="com.branch.regression.BranchTeamTest"/>
  <testcase name="verifyNumberOfEmployees" time="0.859" classname="com.branch.regression.BranchTeamTest"/>
  <testcase name="verifyProperDepartmentName" time="1.513" classname="com.branch.regression.BranchTeamTest"/>
  <testcase name="verifyEmployeeDepartments" time="5.316" classname="com.branch.regression.BranchTeamTest"/>
  <testcase name="verifyEmployeeNames" time="3.483" classname="com.branch.regression.BranchTeamTest"/>
  <testcase name="verifyEmployeeDescriptions" time="3.498" classname="com.branch.regression.BranchTeamTest"/>
</testsuite> <!-- com.branch.regression.BranchTeamTest -->
