<?xml version="1.0" encoding="UTF-8"?>
<!-- Generated by org.testng.reporters.JUnitReportReporter -->
<testsuite hostname="kishans-mbp.lan" name="com.branch.regression.BranchTeamRegression" tests="6" failures="0" timestamp="2 May 2018 14:18:11 GMT" time="0.013" errors="0">
  <testcase name="verifyNumberOfEmployees" time="0.007" classname="com.branch.regression.BranchTeamRegression"/>
  <testcase name="verifyEmployeePhotos" time="0.001" classname="com.branch.regression.BranchTeamRegression"/>
  <testcase name="verifyEmployeeDescriptions" time="0.002" classname="com.branch.regression.BranchTeamRegression"/>
  <testcase name="verifyEmployeeDepartments" time="0.001" classname="com.branch.regression.BranchTeamRegression"/>
  <testcase name="verifyProperDepartmentName" time="0.001" classname="com.branch.regression.BranchTeamRegression"/>
  <testcase name="verifyEmployeeNames" time="0.001" classname="com.branch.regression.BranchTeamRegression"/>
</testsuite> <!-- com.branch.regression.BranchTeamRegression -->
